13-Feb-2026 17:43:38.511 정보 [main] org.apache.catalina.startup.VersionLoggerListener.log 서버 버전 이름:    Apache Tomcat/10.1.50
13-Feb-2026 17:43:38.517 정보 [main] org.apache.catalina.startup.VersionLoggerListener.log Server 빌드 시각:  Dec 2 2025 22:57:41 UTC
13-Feb-2026 17:43:38.517 정보 [main] org.apache.catalina.startup.VersionLoggerListener.log Server 버전 번호:  10.1.50.0
13-Feb-2026 17:43:38.517 정보 [main] org.apache.catalina.startup.VersionLoggerListener.log 운영체제 이름:     Linux
13-Feb-2026 17:43:38.518 정보 [main] org.apache.catalina.startup.VersionLoggerListener.log 운영체제 버전:     6.17.0-14-generic
13-Feb-2026 17:43:38.518 정보 [main] org.apache.catalina.startup.VersionLoggerListener.log 아키텍처:          amd64
13-Feb-2026 17:43:38.518 정보 [main] org.apache.catalina.startup.VersionLoggerListener.log 자바 홈:           /usr/lib/jvm/java-17-openjdk-amd64
13-Feb-2026 17:43:38.518 정보 [main] org.apache.catalina.startup.VersionLoggerListener.log JVM 버전:          17.0.18+8-Ubuntu-124.04.1
13-Feb-2026 17:43:38.519 정보 [main] org.apache.catalina.startup.VersionLoggerListener.log JVM 벤더:          Ubuntu
13-Feb-2026 17:43:38.519 정보 [main] org.apache.catalina.startup.VersionLoggerListener.log CATALINA_BASE:     /home/warmice8226/Desktop/IntelliJProject/ParkingLot/apache-tomcat-10.1.50
13-Feb-2026 17:43:38.519 정보 [main] org.apache.catalina.startup.VersionLoggerListener.log CATALINA_HOME:     /home/warmice8226/Desktop/IntelliJProject/ParkingLot/apache-tomcat-10.1.50
13-Feb-2026 17:43:38.530 정보 [main] org.apache.catalina.startup.VersionLoggerListener.log 명령 행 아규먼트:  -Djava.util.logging.config.file=/home/warmice8226/Desktop/IntelliJProject/ParkingLot/apache-tomcat-10.1.50/conf/logging.properties
13-Feb-2026 17:43:38.530 정보 [main] org.apache.catalina.startup.VersionLoggerListener.log 명령 행 아규먼트:  -Djava.util.logging.manager=org.apache.juli.ClassLoaderLogManager
13-Feb-2026 17:43:38.530 정보 [main] org.apache.catalina.startup.VersionLoggerListener.log 명령 행 아규먼트:  -Djdk.tls.ephemeralDHKeySize=2048
13-Feb-2026 17:43:38.531 정보 [main] org.apache.catalina.startup.VersionLoggerListener.log 명령 행 아규먼트:  -Djava.protocol.handler.pkgs=org.apache.catalina.webresources
13-Feb-2026 17:43:38.531 정보 [main] org.apache.catalina.startup.VersionLoggerListener.log 명령 행 아규먼트:  -Dsun.io.useCanonCaches=false
13-Feb-2026 17:43:38.531 정보 [main] org.apache.catalina.startup.VersionLoggerListener.log 명령 행 아규먼트:  -Dorg.apache.catalina.security.SecurityListener.UMASK=0027
13-Feb-2026 17:43:38.531 정보 [main] org.apache.catalina.startup.VersionLoggerListener.log 명령 행 아규먼트:  --add-opens=java.base/java.lang=ALL-UNNAMED
13-Feb-2026 17:43:38.531 정보 [main] org.apache.catalina.startup.VersionLoggerListener.log 명령 행 아규먼트:  --add-opens=java.base/java.lang.reflect=ALL-UNNAMED
13-Feb-2026 17:43:38.531 정보 [main] org.apache.catalina.startup.VersionLoggerListener.log 명령 행 아규먼트:  --add-opens=java.base/java.io=ALL-UNNAMED
13-Feb-2026 17:43:38.532 정보 [main] org.apache.catalina.startup.VersionLoggerListener.log 명령 행 아규먼트:  --add-opens=java.base/java.util=ALL-UNNAMED
13-Feb-2026 17:43:38.532 정보 [main] org.apache.catalina.startup.VersionLoggerListener.log 명령 행 아규먼트:  --add-opens=java.base/java.util.concurrent=ALL-UNNAMED
13-Feb-2026 17:43:38.532 정보 [main] org.apache.catalina.startup.VersionLoggerListener.log 명령 행 아규먼트:  --add-opens=java.rmi/sun.rmi.transport=ALL-UNNAMED
13-Feb-2026 17:43:38.532 정보 [main] org.apache.catalina.startup.VersionLoggerListener.log 명령 행 아규먼트:  -Dcatalina.base=/home/warmice8226/Desktop/IntelliJProject/ParkingLot/apache-tomcat-10.1.50
13-Feb-2026 17:43:38.532 정보 [main] org.apache.catalina.startup.VersionLoggerListener.log 명령 행 아규먼트:  -Dcatalina.home=/home/warmice8226/Desktop/IntelliJProject/ParkingLot/apache-tomcat-10.1.50
13-Feb-2026 17:43:38.532 정보 [main] org.apache.catalina.startup.VersionLoggerListener.log 명령 행 아규먼트:  -Djava.io.tmpdir=/home/warmice8226/Desktop/IntelliJProject/ParkingLot/apache-tomcat-10.1.50/temp
13-Feb-2026 17:43:38.534 정보 [main] org.apache.catalina.core.AprLifecycleListener.lifecycleEvent 프로덕션 환경들에서 최적의 성능을 제공하는, APR 기반 Apache Tomcat Native 라이브러리가, 다음 java.library.path에서 발견되지 않습니다: [/usr/java/packages/lib:/usr/lib/x86_64-linux-gnu/jni:/lib/x86_64-linux-gnu:/usr/lib/x86_64-linux-gnu:/usr/lib/jni:/lib:/usr/lib]
13-Feb-2026 17:43:38.773 정보 [main] org.apache.coyote.AbstractProtocol.init 프로토콜 핸들러 ["http-nio-8080"]을(를) 초기화합니다.
13-Feb-2026 17:43:38.798 정보 [main] org.apache.catalina.startup.Catalina.load [488] 밀리초 내에 서버가 초기화되었습니다.
13-Feb-2026 17:43:38.842 정보 [main] org.apache.catalina.core.StandardService.startInternal 서비스 [Catalina]을(를) 시작합니다.
13-Feb-2026 17:43:38.843 정보 [main] org.apache.catalina.core.StandardEngine.startInternal 서버 엔진을 시작합니다: [Apache Tomcat/10.1.50]
13-Feb-2026 17:43:38.855 정보 [main] org.apache.catalina.startup.HostConfig.deployDirectory 웹 애플리케이션 디렉토리 [/home/warmice8226/Desktop/IntelliJProject/ParkingLot/apache-tomcat-10.1.50/webapps/examples]을(를) 배치합니다.
13-Feb-2026 17:43:39.455 정보 [main] org.apache.catalina.startup.HostConfig.deployDirectory 웹 애플리케이션 디렉토리 [/home/warmice8226/Desktop/IntelliJProject/ParkingLot/apache-tomcat-10.1.50/webapps/examples]에 대한 배치가 [599] 밀리초에 완료되었습니다.
13-Feb-2026 17:43:39.455 정보 [main] org.apache.catalina.startup.HostConfig.deployDirectory 웹 애플리케이션 디렉토리 [/home/warmice8226/Desktop/IntelliJProject/ParkingLot/apache-tomcat-10.1.50/webapps/host-manager]을(를) 배치합니다.
13-Feb-2026 17:43:39.486 정보 [main] org.apache.catalina.startup.HostConfig.deployDirectory 웹 애플리케이션 디렉토리 [/home/warmice8226/Desktop/IntelliJProject/ParkingLot/apache-tomcat-10.1.50/webapps/host-manager]에 대한 배치가 [31] 밀리초에 완료되었습니다.
13-Feb-2026 17:43:39.486 정보 [main] org.apache.catalina.startup.HostConfig.deployDirectory 웹 애플리케이션 디렉토리 [/home/warmice8226/Desktop/IntelliJProject/ParkingLot/apache-tomcat-10.1.50/webapps/docs]을(를) 배치합니다.
13-Feb-2026 17:43:39.510 정보 [main] org.apache.catalina.startup.HostConfig.deployDirectory 웹 애플리케이션 디렉토리 [/home/warmice8226/Desktop/IntelliJProject/ParkingLot/apache-tomcat-10.1.50/webapps/docs]에 대한 배치가 [24] 밀리초에 완료되었습니다.
13-Feb-2026 17:43:39.511 정보 [main] org.apache.catalina.startup.HostConfig.deployDirectory 웹 애플리케이션 디렉토리 [/home/warmice8226/Desktop/IntelliJProject/ParkingLot/apache-tomcat-10.1.50/webapps/manager]을(를) 배치합니다.
13-Feb-2026 17:43:39.540 정보 [main] org.apache.catalina.startup.HostConfig.deployDirectory 웹 애플리케이션 디렉토리 [/home/warmice8226/Desktop/IntelliJProject/ParkingLot/apache-tomcat-10.1.50/webapps/manager]에 대한 배치가 [30] 밀리초에 완료되었습니다.
13-Feb-2026 17:43:39.540 정보 [main] org.apache.catalina.startup.HostConfig.deployDirectory 웹 애플리케이션 디렉토리 [/home/warmice8226/Desktop/IntelliJProject/ParkingLot/apache-tomcat-10.1.50/webapps/Gradle___com_exmple___jsp_edu_2601_1_0_SNAPSHOT_war]을(를) 배치합니다.
13-Feb-2026 17:43:39.576 정보 [main] org.apache.catalina.startup.HostConfig.deployDirectory 웹 애플리케이션 디렉토리 [/home/warmice8226/Desktop/IntelliJProject/ParkingLot/apache-tomcat-10.1.50/webapps/Gradle___com_exmple___jsp_edu_2601_1_0_SNAPSHOT_war]에 대한 배치가 [35] 밀리초에 완료되었습니다.
13-Feb-2026 17:43:39.576 정보 [main] org.apache.catalina.startup.HostConfig.deployDirectory 웹 애플리케이션 디렉토리 [/home/warmice8226/Desktop/IntelliJProject/ParkingLot/apache-tomcat-10.1.50/webapps/ROOT]을(를) 배치합니다.
13-Feb-2026 17:43:39.595 정보 [main] org.apache.catalina.startup.HostConfig.deployDirectory 웹 애플리케이션 디렉토리 [/home/warmice8226/Desktop/IntelliJProject/ParkingLot/apache-tomcat-10.1.50/webapps/ROOT]에 대한 배치가 [18] 밀리초에 완료되었습니다.
13-Feb-2026 17:43:39.599 정보 [main] org.apache.coyote.AbstractProtocol.start 프로토콜 핸들러 ["http-nio-8080"]을(를) 시작합니다.
13-Feb-2026 17:43:39.610 정보 [main] org.apache.catalina.startup.Catalina.start 서버가 [811] 밀리초 내에 시작되었습니다.
13-Feb-2026 17:43:39.613 심각 [main] org.apache.catalina.core.StandardServer.await 주소 [localhost]와(과) 포트 [8005]에, 서버 셧다운 소켓을 생성하지 못했습니다. (base 포트 [8005], offset [0])
	java.net.BindException: 주소가 이미 사용 중입니다
		at java.base/sun.nio.ch.Net.bind0(Native Method)
		at java.base/sun.nio.ch.Net.bind(Net.java:567)
		at java.base/sun.nio.ch.Net.bind(Net.java:556)
		at java.base/sun.nio.ch.NioSocketImpl.bind(NioSocketImpl.java:648)
		at java.base/java.net.ServerSocket.bind(ServerSocket.java:388)
		at java.base/java.net.ServerSocket.<init>(ServerSocket.java:274)
		at org.apache.catalina.core.StandardServer.await(StandardServer.java:531)
		at org.apache.catalina.startup.Catalina.await(Catalina.java:848)
		at org.apache.catalina.startup.Catalina.start(Catalina.java:796)
		at java.base/jdk.internal.reflect.NativeMethodAccessorImpl.invoke0(Native Method)
		at java.base/jdk.internal.reflect.NativeMethodAccessorImpl.invoke(NativeMethodAccessorImpl.java:77)
		at java.base/jdk.internal.reflect.DelegatingMethodAccessorImpl.invoke(DelegatingMethodAccessorImpl.java:43)
		at java.base/java.lang.reflect.Method.invoke(Method.java:569)
		at org.apache.catalina.startup.Bootstrap.start(Bootstrap.java:342)
		at org.apache.catalina.startup.Bootstrap.main(Bootstrap.java:473)
13-Feb-2026 17:43:39.614 정보 [main] org.apache.coyote.AbstractProtocol.pause 프로토콜 핸들러 ["http-nio-8080"]을(를) 일시 정지 중
13-Feb-2026 17:43:39.618 정보 [main] org.apache.catalina.core.StandardService.stopInternal 서비스 [Catalina]을(를) 중지시킵니다.
13-Feb-2026 17:43:39.642 정보 [main] org.apache.coyote.AbstractProtocol.stop 프로토콜 핸들러 ["http-nio-8080"]을(를) 중지시킵니다.
13-Feb-2026 17:43:39.652 정보 [main] org.apache.coyote.AbstractProtocol.destroy 프로토콜 핸들러 ["http-nio-8080"]을(를) 소멸시킵니다.
13-Feb-2026 17:44:02.171 정보 [main] org.apache.catalina.startup.VersionLoggerListener.log 서버 버전 이름:    Apache Tomcat/10.1.50
13-Feb-2026 17:44:02.177 정보 [main] org.apache.catalina.startup.VersionLoggerListener.log Server 빌드 시각:  Dec 2 2025 22:57:41 UTC
13-Feb-2026 17:44:02.178 정보 [main] org.apache.catalina.startup.VersionLoggerListener.log Server 버전 번호:  10.1.50.0
13-Feb-2026 17:44:02.178 정보 [main] org.apache.catalina.startup.VersionLoggerListener.log 운영체제 이름:     Linux
13-Feb-2026 17:44:02.179 정보 [main] org.apache.catalina.startup.VersionLoggerListener.log 운영체제 버전:     6.17.0-14-generic
13-Feb-2026 17:44:02.179 정보 [main] org.apache.catalina.startup.VersionLoggerListener.log 아키텍처:          amd64
13-Feb-2026 17:44:02.179 정보 [main] org.apache.catalina.startup.VersionLoggerListener.log 자바 홈:           /usr/lib/jvm/java-17-openjdk-amd64
13-Feb-2026 17:44:02.179 정보 [main] org.apache.catalina.startup.VersionLoggerListener.log JVM 버전:          17.0.18+8-Ubuntu-124.04.1
13-Feb-2026 17:44:02.180 정보 [main] org.apache.catalina.startup.VersionLoggerListener.log JVM 벤더:          Ubuntu
13-Feb-2026 17:44:02.180 정보 [main] org.apache.catalina.startup.VersionLoggerListener.log CATALINA_BASE:     /home/warmice8226/Desktop/IntelliJProject/ParkingLot/apache-tomcat-10.1.50
13-Feb-2026 17:44:02.180 정보 [main] org.apache.catalina.startup.VersionLoggerListener.log CATALINA_HOME:     /home/warmice8226/Desktop/IntelliJProject/ParkingLot/apache-tomcat-10.1.50
13-Feb-2026 17:44:02.189 정보 [main] org.apache.catalina.startup.VersionLoggerListener.log 명령 행 아규먼트:  -Djava.util.logging.config.file=/home/warmice8226/Desktop/IntelliJProject/ParkingLot/apache-tomcat-10.1.50/conf/logging.properties
13-Feb-2026 17:44:02.189 정보 [main] org.apache.catalina.startup.VersionLoggerListener.log 명령 행 아규먼트:  -Djava.util.logging.manager=org.apache.juli.ClassLoaderLogManager
13-Feb-2026 17:44:02.189 정보 [main] org.apache.catalina.startup.VersionLoggerListener.log 명령 행 아규먼트:  -Djdk.tls.ephemeralDHKeySize=2048
13-Feb-2026 17:44:02.189 정보 [main] org.apache.catalina.startup.VersionLoggerListener.log 명령 행 아규먼트:  -Djava.protocol.handler.pkgs=org.apache.catalina.webresources
13-Feb-2026 17:44:02.190 정보 [main] org.apache.catalina.startup.VersionLoggerListener.log 명령 행 아규먼트:  -Dsun.io.useCanonCaches=false
13-Feb-2026 17:44:02.190 정보 [main] org.apache.catalina.startup.VersionLoggerListener.log 명령 행 아규먼트:  -Dorg.apache.catalina.security.SecurityListener.UMASK=0027
13-Feb-2026 17:44:02.190 정보 [main] org.apache.catalina.startup.VersionLoggerListener.log 명령 행 아규먼트:  --add-opens=java.base/java.lang=ALL-UNNAMED
13-Feb-2026 17:44:02.190 정보 [main] org.apache.catalina.startup.VersionLoggerListener.log 명령 행 아규먼트:  --add-opens=java.base/java.lang.reflect=ALL-UNNAMED
13-Feb-2026 17:44:02.190 정보 [main] org.apache.catalina.startup.VersionLoggerListener.log 명령 행 아규먼트:  --add-opens=java.base/java.io=ALL-UNNAMED
13-Feb-2026 17:44:02.191 정보 [main] org.apache.catalina.startup.VersionLoggerListener.log 명령 행 아규먼트:  --add-opens=java.base/java.util=ALL-UNNAMED
13-Feb-2026 17:44:02.191 정보 [main] org.apache.catalina.startup.VersionLoggerListener.log 명령 행 아규먼트:  --add-opens=java.base/java.util.concurrent=ALL-UNNAMED
13-Feb-2026 17:44:02.191 정보 [main] org.apache.catalina.startup.VersionLoggerListener.log 명령 행 아규먼트:  --add-opens=java.rmi/sun.rmi.transport=ALL-UNNAMED
13-Feb-2026 17:44:02.191 정보 [main] org.apache.catalina.startup.VersionLoggerListener.log 명령 행 아규먼트:  -Dcatalina.base=/home/warmice8226/Desktop/IntelliJProject/ParkingLot/apache-tomcat-10.1.50
13-Feb-2026 17:44:02.191 정보 [main] org.apache.catalina.startup.VersionLoggerListener.log 명령 행 아규먼트:  -Dcatalina.home=/home/warmice8226/Desktop/IntelliJProject/ParkingLot/apache-tomcat-10.1.50
13-Feb-2026 17:44:02.191 정보 [main] org.apache.catalina.startup.VersionLoggerListener.log 명령 행 아규먼트:  -Djava.io.tmpdir=/home/warmice8226/Desktop/IntelliJProject/ParkingLot/apache-tomcat-10.1.50/temp
13-Feb-2026 17:44:02.193 정보 [main] org.apache.catalina.core.AprLifecycleListener.lifecycleEvent 프로덕션 환경들에서 최적의 성능을 제공하는, APR 기반 Apache Tomcat Native 라이브러리가, 다음 java.library.path에서 발견되지 않습니다: [/usr/java/packages/lib:/usr/lib/x86_64-linux-gnu/jni:/lib/x86_64-linux-gnu:/usr/lib/x86_64-linux-gnu:/usr/lib/jni:/lib:/usr/lib]
13-Feb-2026 17:44:02.439 정보 [main] org.apache.coyote.AbstractProtocol.init 프로토콜 핸들러 ["http-nio-8080"]을(를) 초기화합니다.
13-Feb-2026 17:44:02.458 정보 [main] org.apache.catalina.startup.Catalina.load [465] 밀리초 내에 서버가 초기화되었습니다.
13-Feb-2026 17:44:02.496 정보 [main] org.apache.catalina.core.StandardService.startInternal 서비스 [Catalina]을(를) 시작합니다.
13-Feb-2026 17:44:02.496 정보 [main] org.apache.catalina.core.StandardEngine.startInternal 서버 엔진을 시작합니다: [Apache Tomcat/10.1.50]
13-Feb-2026 17:44:02.504 정보 [main] org.apache.catalina.startup.HostConfig.deployDirectory 웹 애플리케이션 디렉토리 [/home/warmice8226/Desktop/IntelliJProject/ParkingLot/apache-tomcat-10.1.50/webapps/examples]을(를) 배치합니다.
13-Feb-2026 17:44:03.421 정보 [main] org.apache.catalina.startup.HostConfig.deployDirectory 웹 애플리케이션 디렉토리 [/home/warmice8226/Desktop/IntelliJProject/ParkingLot/apache-tomcat-10.1.50/webapps/examples]에 대한 배치가 [916] 밀리초에 완료되었습니다.
13-Feb-2026 17:44:03.422 정보 [main] org.apache.catalina.startup.HostConfig.deployDirectory 웹 애플리케이션 디렉토리 [/home/warmice8226/Desktop/IntelliJProject/ParkingLot/apache-tomcat-10.1.50/webapps/host-manager]을(를) 배치합니다.
13-Feb-2026 17:44:03.443 정보 [main] org.apache.catalina.startup.HostConfig.deployDirectory 웹 애플리케이션 디렉토리 [/home/warmice8226/Desktop/IntelliJProject/ParkingLot/apache-tomcat-10.1.50/webapps/host-manager]에 대한 배치가 [21] 밀리초에 완료되었습니다.
13-Feb-2026 17:44:03.443 정보 [main] org.apache.catalina.startup.HostConfig.deployDirectory 웹 애플리케이션 디렉토리 [/home/warmice8226/Desktop/IntelliJProject/ParkingLot/apache-tomcat-10.1.50/webapps/docs]을(를) 배치합니다.
13-Feb-2026 17:44:03.464 정보 [main] org.apache.catalina.startup.HostConfig.deployDirectory 웹 애플리케이션 디렉토리 [/home/warmice8226/Desktop/IntelliJProject/ParkingLot/apache-tomcat-10.1.50/webapps/docs]에 대한 배치가 [21] 밀리초에 완료되었습니다.
13-Feb-2026 17:44:03.464 정보 [main] org.apache.catalina.startup.HostConfig.deployDirectory 웹 애플리케이션 디렉토리 [/home/warmice8226/Desktop/IntelliJProject/ParkingLot/apache-tomcat-10.1.50/webapps/manager]을(를) 배치합니다.
13-Feb-2026 17:44:03.487 정보 [main] org.apache.catalina.startup.HostConfig.deployDirectory 웹 애플리케이션 디렉토리 [/home/warmice8226/Desktop/IntelliJProject/ParkingLot/apache-tomcat-10.1.50/webapps/manager]에 대한 배치가 [23] 밀리초에 완료되었습니다.
13-Feb-2026 17:44:03.488 정보 [main] org.apache.catalina.startup.HostConfig.deployDirectory 웹 애플리케이션 디렉토리 [/home/warmice8226/Desktop/IntelliJProject/ParkingLot/apache-tomcat-10.1.50/webapps/Gradle___com_exmple___jsp_edu_2601_1_0_SNAPSHOT_war]을(를) 배치합니다.
13-Feb-2026 17:44:03.525 정보 [main] org.apache.catalina.startup.HostConfig.deployDirectory 웹 애플리케이션 디렉토리 [/home/warmice8226/Desktop/IntelliJProject/ParkingLot/apache-tomcat-10.1.50/webapps/Gradle___com_exmple___jsp_edu_2601_1_0_SNAPSHOT_war]에 대한 배치가 [37] 밀리초에 완료되었습니다.
13-Feb-2026 17:44:03.525 정보 [main] org.apache.catalina.startup.HostConfig.deployDirectory 웹 애플리케이션 디렉토리 [/home/warmice8226/Desktop/IntelliJProject/ParkingLot/apache-tomcat-10.1.50/webapps/ROOT]을(를) 배치합니다.
13-Feb-2026 17:44:03.547 정보 [main] org.apache.catalina.startup.HostConfig.deployDirectory 웹 애플리케이션 디렉토리 [/home/warmice8226/Desktop/IntelliJProject/ParkingLot/apache-tomcat-10.1.50/webapps/ROOT]에 대한 배치가 [22] 밀리초에 완료되었습니다.
13-Feb-2026 17:44:03.551 정보 [main] org.apache.coyote.AbstractProtocol.start 프로토콜 핸들러 ["http-nio-8080"]을(를) 시작합니다.
13-Feb-2026 17:44:03.562 정보 [main] org.apache.catalina.startup.Catalina.start 서버가 [1103] 밀리초 내에 시작되었습니다.
13-Feb-2026 17:44:45.864 정보 [main] org.apache.catalina.startup.VersionLoggerListener.log 서버 버전 이름:    Apache Tomcat/10.1.50
13-Feb-2026 17:44:45.875 정보 [main] org.apache.catalina.startup.VersionLoggerListener.log Server 빌드 시각:  Dec 2 2025 22:57:41 UTC
13-Feb-2026 17:44:45.875 정보 [main] org.apache.catalina.startup.VersionLoggerListener.log Server 버전 번호:  10.1.50.0
13-Feb-2026 17:44:45.875 정보 [main] org.apache.catalina.startup.VersionLoggerListener.log 운영체제 이름:     Linux
13-Feb-2026 17:44:45.876 정보 [main] org.apache.catalina.startup.VersionLoggerListener.log 운영체제 버전:     6.17.0-14-generic
13-Feb-2026 17:44:45.876 정보 [main] org.apache.catalina.startup.VersionLoggerListener.log 아키텍처:          amd64
13-Feb-2026 17:44:45.876 정보 [main] org.apache.catalina.startup.VersionLoggerListener.log 자바 홈:           /usr/lib/jvm/java-17-openjdk-amd64
13-Feb-2026 17:44:45.876 정보 [main] org.apache.catalina.startup.VersionLoggerListener.log JVM 버전:          17.0.18+8-Ubuntu-124.04.1
13-Feb-2026 17:44:45.877 정보 [main] org.apache.catalina.startup.VersionLoggerListener.log JVM 벤더:          Ubuntu
13-Feb-2026 17:44:45.877 정보 [main] org.apache.catalina.startup.VersionLoggerListener.log CATALINA_BASE:     /home/warmice8226/Desktop/IntelliJProject/ParkingLot/apache-tomcat-10.1.50
13-Feb-2026 17:44:45.877 정보 [main] org.apache.catalina.startup.VersionLoggerListener.log CATALINA_HOME:     /home/warmice8226/Desktop/IntelliJProject/ParkingLot/apache-tomcat-10.1.50
13-Feb-2026 17:44:45.879 정보 [main] org.apache.catalina.startup.VersionLoggerListener.log 명령 행 아규먼트:  -Djava.util.logging.config.file=/home/warmice8226/Desktop/IntelliJProject/ParkingLot/apache-tomcat-10.1.50/conf/logging.properties
13-Feb-2026 17:44:45.879 정보 [main] org.apache.catalina.startup.VersionLoggerListener.log 명령 행 아규먼트:  -Djava.util.logging.manager=org.apache.juli.ClassLoaderLogManager
13-Feb-2026 17:44:45.880 정보 [main] org.apache.catalina.startup.VersionLoggerListener.log 명령 행 아규먼트:  -Djdk.tls.ephemeralDHKeySize=2048
13-Feb-2026 17:44:45.880 정보 [main] org.apache.catalina.startup.VersionLoggerListener.log 명령 행 아규먼트:  -Djava.protocol.handler.pkgs=org.apache.catalina.webresources
13-Feb-2026 17:44:45.880 정보 [main] org.apache.catalina.startup.VersionLoggerListener.log 명령 행 아규먼트:  -Dsun.io.useCanonCaches=false
13-Feb-2026 17:44:45.880 정보 [main] org.apache.catalina.startup.VersionLoggerListener.log 명령 행 아규먼트:  -Dorg.apache.catalina.security.SecurityListener.UMASK=0027
13-Feb-2026 17:44:45.880 정보 [main] org.apache.catalina.startup.VersionLoggerListener.log 명령 행 아규먼트:  --add-opens=java.base/java.lang=ALL-UNNAMED
13-Feb-2026 17:44:45.880 정보 [main] org.apache.catalina.startup.VersionLoggerListener.log 명령 행 아규먼트:  --add-opens=java.base/java.lang.reflect=ALL-UNNAMED
13-Feb-2026 17:44:45.881 정보 [main] org.apache.catalina.startup.VersionLoggerListener.log 명령 행 아규먼트:  --add-opens=java.base/java.io=ALL-UNNAMED
13-Feb-2026 17:44:45.881 정보 [main] org.apache.catalina.startup.VersionLoggerListener.log 명령 행 아규먼트:  --add-opens=java.base/java.util=ALL-UNNAMED
13-Feb-2026 17:44:45.881 정보 [main] org.apache.catalina.startup.VersionLoggerListener.log 명령 행 아규먼트:  --add-opens=java.base/java.util.concurrent=ALL-UNNAMED
13-Feb-2026 17:44:45.881 정보 [main] org.apache.catalina.startup.VersionLoggerListener.log 명령 행 아규먼트:  --add-opens=java.rmi/sun.rmi.transport=ALL-UNNAMED
13-Feb-2026 17:44:45.881 정보 [main] org.apache.catalina.startup.VersionLoggerListener.log 명령 행 아규먼트:  -Dcatalina.base=/home/warmice8226/Desktop/IntelliJProject/ParkingLot/apache-tomcat-10.1.50
13-Feb-2026 17:44:45.881 정보 [main] org.apache.catalina.startup.VersionLoggerListener.log 명령 행 아규먼트:  -Dcatalina.home=/home/warmice8226/Desktop/IntelliJProject/ParkingLot/apache-tomcat-10.1.50
13-Feb-2026 17:44:45.882 정보 [main] org.apache.catalina.startup.VersionLoggerListener.log 명령 행 아규먼트:  -Djava.io.tmpdir=/home/warmice8226/Desktop/IntelliJProject/ParkingLot/apache-tomcat-10.1.50/temp
13-Feb-2026 17:44:45.883 정보 [main] org.apache.catalina.core.AprLifecycleListener.lifecycleEvent 프로덕션 환경들에서 최적의 성능을 제공하는, APR 기반 Apache Tomcat Native 라이브러리가, 다음 java.library.path에서 발견되지 않습니다: [/usr/java/packages/lib:/usr/lib/x86_64-linux-gnu/jni:/lib/x86_64-linux-gnu:/usr/lib/x86_64-linux-gnu:/usr/lib/jni:/lib:/usr/lib]
13-Feb-2026 17:44:46.142 정보 [main] org.apache.coyote.AbstractProtocol.init 프로토콜 핸들러 ["http-nio-8080"]을(를) 초기화합니다.
13-Feb-2026 17:44:46.158 심각 [main] org.apache.catalina.util.LifecycleBase.handleSubClassException 구성요소 [Connector["http-nio-8080"]]을(를) 초기화하지 못했습니다.
	org.apache.catalina.LifecycleException: 프로토콜 핸들러 초기화가 실패했습니다.
		at org.apache.catalina.connector.Connector.initInternal(Connector.java:1084)
		at org.apache.catalina.util.LifecycleBase.init(LifecycleBase.java:122)
		at org.apache.catalina.core.StandardService.initInternal(StandardService.java:520)
		at org.apache.catalina.util.LifecycleBase.init(LifecycleBase.java:122)
		at org.apache.catalina.core.StandardServer.initInternal(StandardServer.java:955)
		at org.apache.catalina.util.LifecycleBase.init(LifecycleBase.java:122)
		at org.apache.catalina.startup.Catalina.load(Catalina.java:709)
		at org.apache.catalina.startup.Catalina.load(Catalina.java:732)
		at java.base/jdk.internal.reflect.NativeMethodAccessorImpl.invoke0(Native Method)
		at java.base/jdk.internal.reflect.NativeMethodAccessorImpl.invoke(NativeMethodAccessorImpl.java:77)
		at java.base/jdk.internal.reflect.DelegatingMethodAccessorImpl.invoke(DelegatingMethodAccessorImpl.java:43)
		at java.base/java.lang.reflect.Method.invoke(Method.java:569)
		at org.apache.catalina.startup.Bootstrap.load(Bootstrap.java:299)
		at org.apache.catalina.startup.Bootstrap.main(Bootstrap.java:472)
	Caused by: java.net.BindException: 주소가 이미 사용 중입니다
		at java.base/sun.nio.ch.Net.bind0(Native Method)
		at java.base/sun.nio.ch.Net.bind(Net.java:567)
		at java.base/sun.nio.ch.ServerSocketChannelImpl.netBind(ServerSocketChannelImpl.java:337)
		at java.base/sun.nio.ch.ServerSocketChannelImpl.bind(ServerSocketChannelImpl.java:294)
		at org.apache.tomcat.util.net.NioEndpoint.initServerSocket(NioEndpoint.java:264)
		at org.apache.tomcat.util.net.NioEndpoint.bind(NioEndpoint.java:219)
		at org.apache.tomcat.util.net.AbstractEndpoint.bindWithCleanup(AbstractEndpoint.java:1431)
		at org.apache.tomcat.util.net.AbstractEndpoint.init(AbstractEndpoint.java:1444)
		at org.apache.coyote.AbstractProtocol.init(AbstractProtocol.java:633)
		at org.apache.coyote.http11.AbstractHttp11Protocol.init(AbstractHttp11Protocol.java:82)
		at org.apache.catalina.connector.Connector.initInternal(Connector.java:1082)
		... 13 more
13-Feb-2026 17:44:46.160 정보 [main] org.apache.catalina.startup.Catalina.load [479] 밀리초 내에 서버가 초기화되었습니다.
13-Feb-2026 17:44:46.209 정보 [main] org.apache.catalina.core.StandardService.startInternal 서비스 [Catalina]을(를) 시작합니다.
13-Feb-2026 17:44:46.210 정보 [main] org.apache.catalina.core.StandardEngine.startInternal 서버 엔진을 시작합니다: [Apache Tomcat/10.1.50]
13-Feb-2026 17:44:46.220 정보 [main] org.apache.catalina.startup.HostConfig.deployDirectory 웹 애플리케이션 디렉토리 [/home/warmice8226/Desktop/IntelliJProject/ParkingLot/apache-tomcat-10.1.50/webapps/examples]을(를) 배치합니다.
13-Feb-2026 17:44:46.701 정보 [main] org.apache.catalina.startup.HostConfig.deployDirectory 웹 애플리케이션 디렉토리 [/home/warmice8226/Desktop/IntelliJProject/ParkingLot/apache-tomcat-10.1.50/webapps/examples]에 대한 배치가 [480] 밀리초에 완료되었습니다.
13-Feb-2026 17:44:46.701 정보 [main] org.apache.catalina.startup.HostConfig.deployDirectory 웹 애플리케이션 디렉토리 [/home/warmice8226/Desktop/IntelliJProject/ParkingLot/apache-tomcat-10.1.50/webapps/host-manager]을(를) 배치합니다.
13-Feb-2026 17:44:46.727 정보 [main] org.apache.catalina.startup.HostConfig.deployDirectory 웹 애플리케이션 디렉토리 [/home/warmice8226/Desktop/IntelliJProject/ParkingLot/apache-tomcat-10.1.50/webapps/host-manager]에 대한 배치가 [25] 밀리초에 완료되었습니다.
13-Feb-2026 17:44:46.727 정보 [main] org.apache.catalina.startup.HostConfig.deployDirectory 웹 애플리케이션 디렉토리 [/home/warmice8226/Desktop/IntelliJProject/ParkingLot/apache-tomcat-10.1.50/webapps/docs]을(를) 배치합니다.
13-Feb-2026 17:44:46.749 정보 [main] org.apache.catalina.startup.HostConfig.deployDirectory 웹 애플리케이션 디렉토리 [/home/warmice8226/Desktop/IntelliJProject/ParkingLot/apache-tomcat-10.1.50/webapps/docs]에 대한 배치가 [22] 밀리초에 완료되었습니다.
13-Feb-2026 17:44:46.749 정보 [main] org.apache.catalina.startup.HostConfig.deployDirectory 웹 애플리케이션 디렉토리 [/home/warmice8226/Desktop/IntelliJProject/ParkingLot/apache-tomcat-10.1.50/webapps/manager]을(를) 배치합니다.
13-Feb-2026 17:44:46.776 정보 [main] org.apache.catalina.startup.HostConfig.deployDirectory 웹 애플리케이션 디렉토리 [/home/warmice8226/Desktop/IntelliJProject/ParkingLot/apache-tomcat-10.1.50/webapps/manager]에 대한 배치가 [26] 밀리초에 완료되었습니다.
13-Feb-2026 17:44:46.776 정보 [main] org.apache.catalina.startup.HostConfig.deployDirectory 웹 애플리케이션 디렉토리 [/home/warmice8226/Desktop/IntelliJProject/ParkingLot/apache-tomcat-10.1.50/webapps/Gradle___com_exmple___jsp_edu_2601_1_0_SNAPSHOT_war]을(를) 배치합니다.
13-Feb-2026 17:44:46.811 정보 [main] org.apache.catalina.startup.HostConfig.deployDirectory 웹 애플리케이션 디렉토리 [/home/warmice8226/Desktop/IntelliJProject/ParkingLot/apache-tomcat-10.1.50/webapps/Gradle___com_exmple___jsp_edu_2601_1_0_SNAPSHOT_war]에 대한 배치가 [35] 밀리초에 완료되었습니다.
13-Feb-2026 17:44:46.812 정보 [main] org.apache.catalina.startup.HostConfig.deployDirectory 웹 애플리케이션 디렉토리 [/home/warmice8226/Desktop/IntelliJProject/ParkingLot/apache-tomcat-10.1.50/webapps/ROOT]을(를) 배치합니다.
13-Feb-2026 17:44:46.827 정보 [main] org.apache.catalina.startup.HostConfig.deployDirectory 웹 애플리케이션 디렉토리 [/home/warmice8226/Desktop/IntelliJProject/ParkingLot/apache-tomcat-10.1.50/webapps/ROOT]에 대한 배치가 [16] 밀리초에 완료되었습니다.
13-Feb-2026 17:44:46.832 정보 [main] org.apache.catalina.startup.Catalina.start 서버가 [671] 밀리초 내에 시작되었습니다.
13-Feb-2026 17:44:46.834 심각 [main] org.apache.catalina.core.StandardServer.await 주소 [localhost]와(과) 포트 [8005]에, 서버 셧다운 소켓을 생성하지 못했습니다. (base 포트 [8005], offset [0])
	java.net.BindException: 주소가 이미 사용 중입니다
		at java.base/sun.nio.ch.Net.bind0(Native Method)
		at java.base/sun.nio.ch.Net.bind(Net.java:567)
		at java.base/sun.nio.ch.Net.bind(Net.java:556)
		at java.base/sun.nio.ch.NioSocketImpl.bind(NioSocketImpl.java:648)
		at java.base/java.net.ServerSocket.bind(ServerSocket.java:388)
		at java.base/java.net.ServerSocket.<init>(ServerSocket.java:274)
		at org.apache.catalina.core.StandardServer.await(StandardServer.java:531)
		at org.apache.catalina.startup.Catalina.await(Catalina.java:848)
		at org.apache.catalina.startup.Catalina.start(Catalina.java:796)
		at java.base/jdk.internal.reflect.NativeMethodAccessorImpl.invoke0(Native Method)
		at java.base/jdk.internal.reflect.NativeMethodAccessorImpl.invoke(NativeMethodAccessorImpl.java:77)
		at java.base/jdk.internal.reflect.DelegatingMethodAccessorImpl.invoke(DelegatingMethodAccessorImpl.java:43)
		at java.base/java.lang.reflect.Method.invoke(Method.java:569)
		at org.apache.catalina.startup.Bootstrap.start(Bootstrap.java:342)
		at org.apache.catalina.startup.Bootstrap.main(Bootstrap.java:473)
13-Feb-2026 17:44:46.835 정보 [main] org.apache.coyote.AbstractProtocol.pause 프로토콜 핸들러 ["http-nio-8080"]을(를) 일시 정지 중
13-Feb-2026 17:44:46.835 정보 [main] org.apache.catalina.core.StandardService.stopInternal 서비스 [Catalina]을(를) 중지시킵니다.
13-Feb-2026 17:44:46.856 정보 [main] org.apache.coyote.AbstractProtocol.stop 프로토콜 핸들러 ["http-nio-8080"]을(를) 중지시킵니다.
13-Feb-2026 17:44:46.857 정보 [main] org.apache.coyote.AbstractProtocol.destroy 프로토콜 핸들러 ["http-nio-8080"]을(를) 소멸시킵니다.
13-Feb-2026 17:44:49.589 정보 [main] org.apache.catalina.startup.VersionLoggerListener.log 서버 버전 이름:    Apache Tomcat/10.1.50
13-Feb-2026 17:44:49.594 정보 [main] org.apache.catalina.startup.VersionLoggerListener.log Server 빌드 시각:  Dec 2 2025 22:57:41 UTC
13-Feb-2026 17:44:49.595 정보 [main] org.apache.catalina.startup.VersionLoggerListener.log Server 버전 번호:  10.1.50.0
13-Feb-2026 17:44:49.595 정보 [main] org.apache.catalina.startup.VersionLoggerListener.log 운영체제 이름:     Linux
13-Feb-2026 17:44:49.595 정보 [main] org.apache.catalina.startup.VersionLoggerListener.log 운영체제 버전:     6.17.0-14-generic
13-Feb-2026 17:44:49.595 정보 [main] org.apache.catalina.startup.VersionLoggerListener.log 아키텍처:          amd64
13-Feb-2026 17:44:49.596 정보 [main] org.apache.catalina.startup.VersionLoggerListener.log 자바 홈:           /usr/lib/jvm/java-17-openjdk-amd64
13-Feb-2026 17:44:49.596 정보 [main] org.apache.catalina.startup.VersionLoggerListener.log JVM 버전:          17.0.18+8-Ubuntu-124.04.1
13-Feb-2026 17:44:49.596 정보 [main] org.apache.catalina.startup.VersionLoggerListener.log JVM 벤더:          Ubuntu
13-Feb-2026 17:44:49.596 정보 [main] org.apache.catalina.startup.VersionLoggerListener.log CATALINA_BASE:     /home/warmice8226/Desktop/IntelliJProject/ParkingLot/apache-tomcat-10.1.50
13-Feb-2026 17:44:49.597 정보 [main] org.apache.catalina.startup.VersionLoggerListener.log CATALINA_HOME:     /home/warmice8226/Desktop/IntelliJProject/ParkingLot/apache-tomcat-10.1.50
13-Feb-2026 17:44:49.604 정보 [main] org.apache.catalina.startup.VersionLoggerListener.log 명령 행 아규먼트:  -Djava.util.logging.config.file=/home/warmice8226/Desktop/IntelliJProject/ParkingLot/apache-tomcat-10.1.50/conf/logging.properties
13-Feb-2026 17:44:49.604 정보 [main] org.apache.catalina.startup.VersionLoggerListener.log 명령 행 아규먼트:  -Djava.util.logging.manager=org.apache.juli.ClassLoaderLogManager
13-Feb-2026 17:44:49.604 정보 [main] org.apache.catalina.startup.VersionLoggerListener.log 명령 행 아규먼트:  -Djdk.tls.ephemeralDHKeySize=2048
13-Feb-2026 17:44:49.604 정보 [main] org.apache.catalina.startup.VersionLoggerListener.log 명령 행 아규먼트:  -Djava.protocol.handler.pkgs=org.apache.catalina.webresources
13-Feb-2026 17:44:49.605 정보 [main] org.apache.catalina.startup.VersionLoggerListener.log 명령 행 아규먼트:  -Dsun.io.useCanonCaches=false
13-Feb-2026 17:44:49.605 정보 [main] org.apache.catalina.startup.VersionLoggerListener.log 명령 행 아규먼트:  -Dorg.apache.catalina.security.SecurityListener.UMASK=0027
13-Feb-2026 17:44:49.605 정보 [main] org.apache.catalina.startup.VersionLoggerListener.log 명령 행 아규먼트:  --add-opens=java.base/java.lang=ALL-UNNAMED
13-Feb-2026 17:44:49.605 정보 [main] org.apache.catalina.startup.VersionLoggerListener.log 명령 행 아규먼트:  --add-opens=java.base/java.lang.reflect=ALL-UNNAMED
13-Feb-2026 17:44:49.605 정보 [main] org.apache.catalina.startup.VersionLoggerListener.log 명령 행 아규먼트:  --add-opens=java.base/java.io=ALL-UNNAMED
13-Feb-2026 17:44:49.605 정보 [main] org.apache.catalina.startup.VersionLoggerListener.log 명령 행 아규먼트:  --add-opens=java.base/java.util=ALL-UNNAMED
13-Feb-2026 17:44:49.606 정보 [main] org.apache.catalina.startup.VersionLoggerListener.log 명령 행 아규먼트:  --add-opens=java.base/java.util.concurrent=ALL-UNNAMED
13-Feb-2026 17:44:49.606 정보 [main] org.apache.catalina.startup.VersionLoggerListener.log 명령 행 아규먼트:  --add-opens=java.rmi/sun.rmi.transport=ALL-UNNAMED
13-Feb-2026 17:44:49.606 정보 [main] org.apache.catalina.startup.VersionLoggerListener.log 명령 행 아규먼트:  -Dcatalina.base=/home/warmice8226/Desktop/IntelliJProject/ParkingLot/apache-tomcat-10.1.50
13-Feb-2026 17:44:49.606 정보 [main] org.apache.catalina.startup.VersionLoggerListener.log 명령 행 아규먼트:  -Dcatalina.home=/home/warmice8226/Desktop/IntelliJProject/ParkingLot/apache-tomcat-10.1.50
13-Feb-2026 17:44:49.606 정보 [main] org.apache.catalina.startup.VersionLoggerListener.log 명령 행 아규먼트:  -Djava.io.tmpdir=/home/warmice8226/Desktop/IntelliJProject/ParkingLot/apache-tomcat-10.1.50/temp
13-Feb-2026 17:44:49.608 정보 [main] org.apache.catalina.core.AprLifecycleListener.lifecycleEvent 프로덕션 환경들에서 최적의 성능을 제공하는, APR 기반 Apache Tomcat Native 라이브러리가, 다음 java.library.path에서 발견되지 않습니다: [/usr/java/packages/lib:/usr/lib/x86_64-linux-gnu/jni:/lib/x86_64-linux-gnu:/usr/lib/x86_64-linux-gnu:/usr/lib/jni:/lib:/usr/lib]
13-Feb-2026 17:44:49.870 정보 [main] org.apache.coyote.AbstractProtocol.init 프로토콜 핸들러 ["http-nio-8080"]을(를) 초기화합니다.
13-Feb-2026 17:44:49.888 심각 [main] org.apache.catalina.util.LifecycleBase.handleSubClassException 구성요소 [Connector["http-nio-8080"]]을(를) 초기화하지 못했습니다.
	org.apache.catalina.LifecycleException: 프로토콜 핸들러 초기화가 실패했습니다.
		at org.apache.catalina.connector.Connector.initInternal(Connector.java:1084)
		at org.apache.catalina.util.LifecycleBase.init(LifecycleBase.java:122)
		at org.apache.catalina.core.StandardService.initInternal(StandardService.java:520)
		at org.apache.catalina.util.LifecycleBase.init(LifecycleBase.java:122)
		at org.apache.catalina.core.StandardServer.initInternal(StandardServer.java:955)
		at org.apache.catalina.util.LifecycleBase.init(LifecycleBase.java:122)
		at org.apache.catalina.startup.Catalina.load(Catalina.java:709)
		at org.apache.catalina.startup.Catalina.load(Catalina.java:732)
		at java.base/jdk.internal.reflect.NativeMethodAccessorImpl.invoke0(Native Method)
		at java.base/jdk.internal.reflect.NativeMethodAccessorImpl.invoke(NativeMethodAccessorImpl.java:77)
		at java.base/jdk.internal.reflect.DelegatingMethodAccessorImpl.invoke(DelegatingMethodAccessorImpl.java:43)
		at java.base/java.lang.reflect.Method.invoke(Method.java:569)
		at org.apache.catalina.startup.Bootstrap.load(Bootstrap.java:299)
		at org.apache.catalina.startup.Bootstrap.main(Bootstrap.java:472)
	Caused by: java.net.BindException: 주소가 이미 사용 중입니다
		at java.base/sun.nio.ch.Net.bind0(Native Method)
		at java.base/sun.nio.ch.Net.bind(Net.java:567)
		at java.base/sun.nio.ch.ServerSocketChannelImpl.netBind(ServerSocketChannelImpl.java:337)
		at java.base/sun.nio.ch.ServerSocketChannelImpl.bind(ServerSocketChannelImpl.java:294)
		at org.apache.tomcat.util.net.NioEndpoint.initServerSocket(NioEndpoint.java:264)
		at org.apache.tomcat.util.net.NioEndpoint.bind(NioEndpoint.java:219)
		at org.apache.tomcat.util.net.AbstractEndpoint.bindWithCleanup(AbstractEndpoint.java:1431)
		at org.apache.tomcat.util.net.AbstractEndpoint.init(AbstractEndpoint.java:1444)
		at org.apache.coyote.AbstractProtocol.init(AbstractProtocol.java:633)
		at org.apache.coyote.http11.AbstractHttp11Protocol.init(AbstractHttp11Protocol.java:82)
		at org.apache.catalina.connector.Connector.initInternal(Connector.java:1082)
		... 13 more
13-Feb-2026 17:44:49.890 정보 [main] org.apache.catalina.startup.Catalina.load [501] 밀리초 내에 서버가 초기화되었습니다.
13-Feb-2026 17:44:49.940 정보 [main] org.apache.catalina.core.StandardService.startInternal 서비스 [Catalina]을(를) 시작합니다.
13-Feb-2026 17:44:49.941 정보 [main] org.apache.catalina.core.StandardEngine.startInternal 서버 엔진을 시작합니다: [Apache Tomcat/10.1.50]
13-Feb-2026 17:44:49.951 정보 [main] org.apache.catalina.startup.HostConfig.deployDirectory 웹 애플리케이션 디렉토리 [/home/warmice8226/Desktop/IntelliJProject/ParkingLot/apache-tomcat-10.1.50/webapps/examples]을(를) 배치합니다.
13-Feb-2026 17:44:50.449 정보 [main] org.apache.catalina.startup.HostConfig.deployDirectory 웹 애플리케이션 디렉토리 [/home/warmice8226/Desktop/IntelliJProject/ParkingLot/apache-tomcat-10.1.50/webapps/examples]에 대한 배치가 [497] 밀리초에 완료되었습니다.
13-Feb-2026 17:44:50.450 정보 [main] org.apache.catalina.startup.HostConfig.deployDirectory 웹 애플리케이션 디렉토리 [/home/warmice8226/Desktop/IntelliJProject/ParkingLot/apache-tomcat-10.1.50/webapps/host-manager]을(를) 배치합니다.
13-Feb-2026 17:44:50.471 정보 [main] org.apache.catalina.startup.HostConfig.deployDirectory 웹 애플리케이션 디렉토리 [/home/warmice8226/Desktop/IntelliJProject/ParkingLot/apache-tomcat-10.1.50/webapps/host-manager]에 대한 배치가 [21] 밀리초에 완료되었습니다.
13-Feb-2026 17:44:50.471 정보 [main] org.apache.catalina.startup.HostConfig.deployDirectory 웹 애플리케이션 디렉토리 [/home/warmice8226/Desktop/IntelliJProject/ParkingLot/apache-tomcat-10.1.50/webapps/docs]을(를) 배치합니다.
13-Feb-2026 17:44:50.487 정보 [main] org.apache.catalina.startup.HostConfig.deployDirectory 웹 애플리케이션 디렉토리 [/home/warmice8226/Desktop/IntelliJProject/ParkingLot/apache-tomcat-10.1.50/webapps/docs]에 대한 배치가 [16] 밀리초에 완료되었습니다.
13-Feb-2026 17:44:50.488 정보 [main] org.apache.catalina.startup.HostConfig.deployDirectory 웹 애플리케이션 디렉토리 [/home/warmice8226/Desktop/IntelliJProject/ParkingLot/apache-tomcat-10.1.50/webapps/manager]을(를) 배치합니다.
13-Feb-2026 17:44:50.508 정보 [main] org.apache.catalina.startup.HostConfig.deployDirectory 웹 애플리케이션 디렉토리 [/home/warmice8226/Desktop/IntelliJProject/ParkingLot/apache-tomcat-10.1.50/webapps/manager]에 대한 배치가 [21] 밀리초에 완료되었습니다.
13-Feb-2026 17:44:50.508 정보 [main] org.apache.catalina.startup.HostConfig.deployDirectory 웹 애플리케이션 디렉토리 [/home/warmice8226/Desktop/IntelliJProject/ParkingLot/apache-tomcat-10.1.50/webapps/Gradle___com_exmple___jsp_edu_2601_1_0_SNAPSHOT_war]을(를) 배치합니다.
13-Feb-2026 17:44:50.536 정보 [main] org.apache.catalina.startup.HostConfig.deployDirectory 웹 애플리케이션 디렉토리 [/home/warmice8226/Desktop/IntelliJProject/ParkingLot/apache-tomcat-10.1.50/webapps/Gradle___com_exmple___jsp_edu_2601_1_0_SNAPSHOT_war]에 대한 배치가 [28] 밀리초에 완료되었습니다.
13-Feb-2026 17:44:50.536 정보 [main] org.apache.catalina.startup.HostConfig.deployDirectory 웹 애플리케이션 디렉토리 [/home/warmice8226/Desktop/IntelliJProject/ParkingLot/apache-tomcat-10.1.50/webapps/ROOT]을(를) 배치합니다.
13-Feb-2026 17:44:50.551 정보 [main] org.apache.catalina.startup.HostConfig.deployDirectory 웹 애플리케이션 디렉토리 [/home/warmice8226/Desktop/IntelliJProject/ParkingLot/apache-tomcat-10.1.50/webapps/ROOT]에 대한 배치가 [15] 밀리초에 완료되었습니다.
13-Feb-2026 17:44:50.556 정보 [main] org.apache.catalina.startup.Catalina.start 서버가 [665] 밀리초 내에 시작되었습니다.
13-Feb-2026 17:44:50.559 심각 [main] org.apache.catalina.core.StandardServer.await 주소 [localhost]와(과) 포트 [8005]에, 서버 셧다운 소켓을 생성하지 못했습니다. (base 포트 [8005], offset [0])
	java.net.BindException: 주소가 이미 사용 중입니다
		at java.base/sun.nio.ch.Net.bind0(Native Method)
		at java.base/sun.nio.ch.Net.bind(Net.java:567)
		at java.base/sun.nio.ch.Net.bind(Net.java:556)
		at java.base/sun.nio.ch.NioSocketImpl.bind(NioSocketImpl.java:648)
		at java.base/java.net.ServerSocket.bind(ServerSocket.java:388)
		at java.base/java.net.ServerSocket.<init>(ServerSocket.java:274)
		at org.apache.catalina.core.StandardServer.await(StandardServer.java:531)
		at org.apache.catalina.startup.Catalina.await(Catalina.java:848)
		at org.apache.catalina.startup.Catalina.start(Catalina.java:796)
		at java.base/jdk.internal.reflect.NativeMethodAccessorImpl.invoke0(Native Method)
		at java.base/jdk.internal.reflect.NativeMethodAccessorImpl.invoke(NativeMethodAccessorImpl.java:77)
		at java.base/jdk.internal.reflect.DelegatingMethodAccessorImpl.invoke(DelegatingMethodAccessorImpl.java:43)
		at java.base/java.lang.reflect.Method.invoke(Method.java:569)
		at org.apache.catalina.startup.Bootstrap.start(Bootstrap.java:342)
		at org.apache.catalina.startup.Bootstrap.main(Bootstrap.java:473)
13-Feb-2026 17:44:50.560 정보 [main] org.apache.coyote.AbstractProtocol.pause 프로토콜 핸들러 ["http-nio-8080"]을(를) 일시 정지 중
13-Feb-2026 17:44:50.560 정보 [main] org.apache.catalina.core.StandardService.stopInternal 서비스 [Catalina]을(를) 중지시킵니다.
13-Feb-2026 17:44:50.581 정보 [main] org.apache.coyote.AbstractProtocol.stop 프로토콜 핸들러 ["http-nio-8080"]을(를) 중지시킵니다.
13-Feb-2026 17:44:50.583 정보 [main] org.apache.coyote.AbstractProtocol.destroy 프로토콜 핸들러 ["http-nio-8080"]을(를) 소멸시킵니다.
13-Feb-2026 17:45:53.575 정보 [Catalina-utility-2] org.apache.catalina.startup.HostConfig.deployWAR 웹 애플리케이션 아카이브 [/home/warmice8226/Desktop/IntelliJProject/ParkingLot/apache-tomcat-10.1.50/webapps/ParkingLot-1.0-SNAPSHOT.war]을(를) 배치합니다.
13-Feb-2026 17:45:54.458 정보 [main] org.apache.catalina.startup.VersionLoggerListener.log 서버 버전 이름:    Apache Tomcat/10.1.50
13-Feb-2026 17:45:54.476 정보 [main] org.apache.catalina.startup.VersionLoggerListener.log Server 빌드 시각:  Dec 2 2025 22:57:41 UTC
13-Feb-2026 17:45:54.476 정보 [main] org.apache.catalina.startup.VersionLoggerListener.log Server 버전 번호:  10.1.50.0
13-Feb-2026 17:45:54.476 정보 [main] org.apache.catalina.startup.VersionLoggerListener.log 운영체제 이름:     Linux
13-Feb-2026 17:45:54.477 정보 [main] org.apache.catalina.startup.VersionLoggerListener.log 운영체제 버전:     6.17.0-14-generic
13-Feb-2026 17:45:54.477 정보 [main] org.apache.catalina.startup.VersionLoggerListener.log 아키텍처:          amd64
13-Feb-2026 17:45:54.477 정보 [main] org.apache.catalina.startup.VersionLoggerListener.log 자바 홈:           /usr/lib/jvm/java-17-openjdk-amd64
13-Feb-2026 17:45:54.478 정보 [main] org.apache.catalina.startup.VersionLoggerListener.log JVM 버전:          17.0.18+8-Ubuntu-124.04.1
13-Feb-2026 17:45:54.478 정보 [main] org.apache.catalina.startup.VersionLoggerListener.log JVM 벤더:          Ubuntu
13-Feb-2026 17:45:54.479 정보 [main] org.apache.catalina.startup.VersionLoggerListener.log CATALINA_BASE:     /home/warmice8226/Desktop/IntelliJProject/ParkingLot/apache-tomcat-10.1.50
13-Feb-2026 17:45:54.479 정보 [main] org.apache.catalina.startup.VersionLoggerListener.log CATALINA_HOME:     /home/warmice8226/Desktop/IntelliJProject/ParkingLot/apache-tomcat-10.1.50
13-Feb-2026 17:45:54.484 정보 [main] org.apache.catalina.startup.VersionLoggerListener.log 명령 행 아규먼트:  -Djava.util.logging.config.file=/home/warmice8226/Desktop/IntelliJProject/ParkingLot/apache-tomcat-10.1.50/conf/logging.properties
13-Feb-2026 17:45:54.484 정보 [main] org.apache.catalina.startup.VersionLoggerListener.log 명령 행 아규먼트:  -Djava.util.logging.manager=org.apache.juli.ClassLoaderLogManager
13-Feb-2026 17:45:54.485 정보 [main] org.apache.catalina.startup.VersionLoggerListener.log 명령 행 아규먼트:  -Djdk.tls.ephemeralDHKeySize=2048
13-Feb-2026 17:45:54.485 정보 [main] org.apache.catalina.startup.VersionLoggerListener.log 명령 행 아규먼트:  -Djava.protocol.handler.pkgs=org.apache.catalina.webresources
13-Feb-2026 17:45:54.485 정보 [main] org.apache.catalina.startup.VersionLoggerListener.log 명령 행 아규먼트:  -Dsun.io.useCanonCaches=false
13-Feb-2026 17:45:54.486 정보 [main] org.apache.catalina.startup.VersionLoggerListener.log 명령 행 아규먼트:  -Dorg.apache.catalina.security.SecurityListener.UMASK=0027
13-Feb-2026 17:45:54.486 정보 [main] org.apache.catalina.startup.VersionLoggerListener.log 명령 행 아규먼트:  --add-opens=java.base/java.lang=ALL-UNNAMED
13-Feb-2026 17:45:54.486 정보 [main] org.apache.catalina.startup.VersionLoggerListener.log 명령 행 아규먼트:  --add-opens=java.base/java.lang.reflect=ALL-UNNAMED
13-Feb-2026 17:45:54.486 정보 [main] org.apache.catalina.startup.VersionLoggerListener.log 명령 행 아규먼트:  --add-opens=java.base/java.io=ALL-UNNAMED
13-Feb-2026 17:45:54.487 정보 [main] org.apache.catalina.startup.VersionLoggerListener.log 명령 행 아규먼트:  --add-opens=java.base/java.util=ALL-UNNAMED
13-Feb-2026 17:45:54.487 정보 [main] org.apache.catalina.startup.VersionLoggerListener.log 명령 행 아규먼트:  --add-opens=java.base/java.util.concurrent=ALL-UNNAMED
13-Feb-2026 17:45:54.487 정보 [main] org.apache.catalina.startup.VersionLoggerListener.log 명령 행 아규먼트:  --add-opens=java.rmi/sun.rmi.transport=ALL-UNNAMED
13-Feb-2026 17:45:54.488 정보 [main] org.apache.catalina.startup.VersionLoggerListener.log 명령 행 아규먼트:  -Dcatalina.base=/home/warmice8226/Desktop/IntelliJProject/ParkingLot/apache-tomcat-10.1.50
13-Feb-2026 17:45:54.488 정보 [main] org.apache.catalina.startup.VersionLoggerListener.log 명령 행 아규먼트:  -Dcatalina.home=/home/warmice8226/Desktop/IntelliJProject/ParkingLot/apache-tomcat-10.1.50
13-Feb-2026 17:45:54.489 정보 [main] org.apache.catalina.startup.VersionLoggerListener.log 명령 행 아규먼트:  -Djava.io.tmpdir=/home/warmice8226/Desktop/IntelliJProject/ParkingLot/apache-tomcat-10.1.50/temp
13-Feb-2026 17:45:54.492 정보 [main] org.apache.catalina.core.AprLifecycleListener.lifecycleEvent 프로덕션 환경들에서 최적의 성능을 제공하는, APR 기반 Apache Tomcat Native 라이브러리가, 다음 java.library.path에서 발견되지 않습니다: [/usr/java/packages/lib:/usr/lib/x86_64-linux-gnu/jni:/lib/x86_64-linux-gnu:/usr/lib/x86_64-linux-gnu:/usr/lib/jni:/lib:/usr/lib]
13-Feb-2026 17:45:54.843 정보 [main] org.apache.coyote.AbstractProtocol.init 프로토콜 핸들러 ["http-nio-8080"]을(를) 초기화합니다.
13-Feb-2026 17:45:54.864 심각 [main] org.apache.catalina.util.LifecycleBase.handleSubClassException 구성요소 [Connector["http-nio-8080"]]을(를) 초기화하지 못했습니다.
	org.apache.catalina.LifecycleException: 프로토콜 핸들러 초기화가 실패했습니다.
		at org.apache.catalina.connector.Connector.initInternal(Connector.java:1084)
		at org.apache.catalina.util.LifecycleBase.init(LifecycleBase.java:122)
		at org.apache.catalina.core.StandardService.initInternal(StandardService.java:520)
		at org.apache.catalina.util.LifecycleBase.init(LifecycleBase.java:122)
		at org.apache.catalina.core.StandardServer.initInternal(StandardServer.java:955)
		at org.apache.catalina.util.LifecycleBase.init(LifecycleBase.java:122)
		at org.apache.catalina.startup.Catalina.load(Catalina.java:709)
		at org.apache.catalina.startup.Catalina.load(Catalina.java:732)
		at java.base/jdk.internal.reflect.NativeMethodAccessorImpl.invoke0(Native Method)
		at java.base/jdk.internal.reflect.NativeMethodAccessorImpl.invoke(NativeMethodAccessorImpl.java:77)
		at java.base/jdk.internal.reflect.DelegatingMethodAccessorImpl.invoke(DelegatingMethodAccessorImpl.java:43)
		at java.base/java.lang.reflect.Method.invoke(Method.java:569)
		at org.apache.catalina.startup.Bootstrap.load(Bootstrap.java:299)
		at org.apache.catalina.startup.Bootstrap.main(Bootstrap.java:472)
	Caused by: java.net.BindException: 주소가 이미 사용 중입니다
		at java.base/sun.nio.ch.Net.bind0(Native Method)
		at java.base/sun.nio.ch.Net.bind(Net.java:567)
		at java.base/sun.nio.ch.ServerSocketChannelImpl.netBind(ServerSocketChannelImpl.java:337)
		at java.base/sun.nio.ch.ServerSocketChannelImpl.bind(ServerSocketChannelImpl.java:294)
		at org.apache.tomcat.util.net.NioEndpoint.initServerSocket(NioEndpoint.java:264)
		at org.apache.tomcat.util.net.NioEndpoint.bind(NioEndpoint.java:219)
		at org.apache.tomcat.util.net.AbstractEndpoint.bindWithCleanup(AbstractEndpoint.java:1431)
		at org.apache.tomcat.util.net.AbstractEndpoint.init(AbstractEndpoint.java:1444)
		at org.apache.coyote.AbstractProtocol.init(AbstractProtocol.java:633)
		at org.apache.coyote.http11.AbstractHttp11Protocol.init(AbstractHttp11Protocol.java:82)
		at org.apache.catalina.connector.Connector.initInternal(Connector.java:1082)
		... 13 more
13-Feb-2026 17:45:54.867 정보 [main] org.apache.catalina.startup.Catalina.load [715] 밀리초 내에 서버가 초기화되었습니다.
13-Feb-2026 17:45:54.924 정보 [main] org.apache.catalina.core.StandardService.startInternal 서비스 [Catalina]을(를) 시작합니다.
13-Feb-2026 17:45:54.924 정보 [main] org.apache.catalina.core.StandardEngine.startInternal 서버 엔진을 시작합니다: [Apache Tomcat/10.1.50]
13-Feb-2026 17:45:54.960 정보 [main] org.apache.catalina.startup.HostConfig.deployWAR 웹 애플리케이션 아카이브 [/home/warmice8226/Desktop/IntelliJProject/ParkingLot/apache-tomcat-10.1.50/webapps/ParkingLot-1.0-SNAPSHOT.war]을(를) 배치합니다.
13-Feb-2026 17:45:55.838 정보 [Catalina-utility-2] org.apache.jasper.servlet.TldScanner.scanJars 적어도 하나의 JAR가 TLD들을 찾기 위해 스캔되었으나 아무 것도 찾지 못했습니다. 스캔했으나 TLD가 없는 JAR들의 전체 목록을 보시려면, 로그 레벨을 디버그 레벨로 설정하십시오. 스캔 과정에서 불필요한 JAR들을 건너뛰면, 시스템 시작 시간과 JSP 컴파일 시간을 단축시킬 수 있습니다.
13-Feb-2026 17:45:55.968 정보 [Catalina-utility-2] org.apache.catalina.startup.HostConfig.deployWAR 웹 애플리케이션 아카이브 [/home/warmice8226/Desktop/IntelliJProject/ParkingLot/apache-tomcat-10.1.50/webapps/ParkingLot-1.0-SNAPSHOT.war]의 배치가 [2,392] 밀리초에 완료되었습니다.
13-Feb-2026 17:45:57.420 정보 [main] org.apache.jasper.servlet.TldScanner.scanJars 적어도 하나의 JAR가 TLD들을 찾기 위해 스캔되었으나 아무 것도 찾지 못했습니다. 스캔했으나 TLD가 없는 JAR들의 전체 목록을 보시려면, 로그 레벨을 디버그 레벨로 설정하십시오. 스캔 과정에서 불필요한 JAR들을 건너뛰면, 시스템 시작 시간과 JSP 컴파일 시간을 단축시킬 수 있습니다.
13-Feb-2026 17:45:57.513 정보 [main] org.apache.catalina.startup.HostConfig.deployWAR 웹 애플리케이션 아카이브 [/home/warmice8226/Desktop/IntelliJProject/ParkingLot/apache-tomcat-10.1.50/webapps/ParkingLot-1.0-SNAPSHOT.war]의 배치가 [2,550] 밀리초에 완료되었습니다.
13-Feb-2026 17:45:57.514 정보 [main] org.apache.catalina.startup.HostConfig.deployDirectory 웹 애플리케이션 디렉토리 [/home/warmice8226/Desktop/IntelliJProject/ParkingLot/apache-tomcat-10.1.50/webapps/examples]을(를) 배치합니다.
13-Feb-2026 17:45:57.712 정보 [main] org.apache.catalina.startup.HostConfig.deployDirectory 웹 애플리케이션 디렉토리 [/home/warmice8226/Desktop/IntelliJProject/ParkingLot/apache-tomcat-10.1.50/webapps/examples]에 대한 배치가 [197] 밀리초에 완료되었습니다.
13-Feb-2026 17:45:57.712 정보 [main] org.apache.catalina.startup.HostConfig.deployDirectory 웹 애플리케이션 디렉토리 [/home/warmice8226/Desktop/IntelliJProject/ParkingLot/apache-tomcat-10.1.50/webapps/host-manager]을(를) 배치합니다.
13-Feb-2026 17:45:57.769 정보 [main] org.apache.catalina.startup.HostConfig.deployDirectory 웹 애플리케이션 디렉토리 [/home/warmice8226/Desktop/IntelliJProject/ParkingLot/apache-tomcat-10.1.50/webapps/host-manager]에 대한 배치가 [57] 밀리초에 완료되었습니다.
13-Feb-2026 17:45:57.770 정보 [main] org.apache.catalina.startup.HostConfig.deployDirectory 웹 애플리케이션 디렉토리 [/home/warmice8226/Desktop/IntelliJProject/ParkingLot/apache-tomcat-10.1.50/webapps/docs]을(를) 배치합니다.
13-Feb-2026 17:45:57.797 정보 [main] org.apache.catalina.startup.HostConfig.deployDirectory 웹 애플리케이션 디렉토리 [/home/warmice8226/Desktop/IntelliJProject/ParkingLot/apache-tomcat-10.1.50/webapps/docs]에 대한 배치가 [26] 밀리초에 완료되었습니다.
13-Feb-2026 17:45:57.797 정보 [main] org.apache.catalina.startup.HostConfig.deployDirectory 웹 애플리케이션 디렉토리 [/home/warmice8226/Desktop/IntelliJProject/ParkingLot/apache-tomcat-10.1.50/webapps/manager]을(를) 배치합니다.
13-Feb-2026 17:45:57.830 정보 [main] org.apache.catalina.startup.HostConfig.deployDirectory 웹 애플리케이션 디렉토리 [/home/warmice8226/Desktop/IntelliJProject/ParkingLot/apache-tomcat-10.1.50/webapps/manager]에 대한 배치가 [33] 밀리초에 완료되었습니다.
13-Feb-2026 17:45:57.831 정보 [main] org.apache.catalina.startup.HostConfig.deployDirectory 웹 애플리케이션 디렉토리 [/home/warmice8226/Desktop/IntelliJProject/ParkingLot/apache-tomcat-10.1.50/webapps/Gradle___com_exmple___jsp_edu_2601_1_0_SNAPSHOT_war]을(를) 배치합니다.
13-Feb-2026 17:45:57.864 정보 [main] org.apache.catalina.startup.HostConfig.deployDirectory 웹 애플리케이션 디렉토리 [/home/warmice8226/Desktop/IntelliJProject/ParkingLot/apache-tomcat-10.1.50/webapps/Gradle___com_exmple___jsp_edu_2601_1_0_SNAPSHOT_war]에 대한 배치가 [32] 밀리초에 완료되었습니다.
13-Feb-2026 17:45:57.865 정보 [main] org.apache.catalina.startup.HostConfig.deployDirectory 웹 애플리케이션 디렉토리 [/home/warmice8226/Desktop/IntelliJProject/ParkingLot/apache-tomcat-10.1.50/webapps/ROOT]을(를) 배치합니다.
13-Feb-2026 17:45:57.891 정보 [main] org.apache.catalina.startup.HostConfig.deployDirectory 웹 애플리케이션 디렉토리 [/home/warmice8226/Desktop/IntelliJProject/ParkingLot/apache-tomcat-10.1.50/webapps/ROOT]에 대한 배치가 [26] 밀리초에 완료되었습니다.
13-Feb-2026 17:45:57.902 정보 [main] org.apache.catalina.startup.Catalina.start 서버가 [3034] 밀리초 내에 시작되었습니다.
13-Feb-2026 17:45:57.906 심각 [main] org.apache.catalina.core.StandardServer.await 주소 [localhost]와(과) 포트 [8005]에, 서버 셧다운 소켓을 생성하지 못했습니다. (base 포트 [8005], offset [0])
	java.net.BindException: 주소가 이미 사용 중입니다
		at java.base/sun.nio.ch.Net.bind0(Native Method)
		at java.base/sun.nio.ch.Net.bind(Net.java:567)
		at java.base/sun.nio.ch.Net.bind(Net.java:556)
		at java.base/sun.nio.ch.NioSocketImpl.bind(NioSocketImpl.java:648)
		at java.base/java.net.ServerSocket.bind(ServerSocket.java:388)
		at java.base/java.net.ServerSocket.<init>(ServerSocket.java:274)
		at org.apache.catalina.core.StandardServer.await(StandardServer.java:531)
		at org.apache.catalina.startup.Catalina.await(Catalina.java:848)
		at org.apache.catalina.startup.Catalina.start(Catalina.java:796)
		at java.base/jdk.internal.reflect.NativeMethodAccessorImpl.invoke0(Native Method)
		at java.base/jdk.internal.reflect.NativeMethodAccessorImpl.invoke(NativeMethodAccessorImpl.java:77)
		at java.base/jdk.internal.reflect.DelegatingMethodAccessorImpl.invoke(DelegatingMethodAccessorImpl.java:43)
		at java.base/java.lang.reflect.Method.invoke(Method.java:569)
		at org.apache.catalina.startup.Bootstrap.start(Bootstrap.java:342)
		at org.apache.catalina.startup.Bootstrap.main(Bootstrap.java:473)
13-Feb-2026 17:45:57.907 정보 [main] org.apache.coyote.AbstractProtocol.pause 프로토콜 핸들러 ["http-nio-8080"]을(를) 일시 정지 중
13-Feb-2026 17:45:57.908 정보 [main] org.apache.catalina.core.StandardService.stopInternal 서비스 [Catalina]을(를) 중지시킵니다.
13-Feb-2026 17:45:57.944 정보 [main] org.apache.coyote.AbstractProtocol.stop 프로토콜 핸들러 ["http-nio-8080"]을(를) 중지시킵니다.
13-Feb-2026 17:45:57.947 정보 [main] org.apache.coyote.AbstractProtocol.destroy 프로토콜 핸들러 ["http-nio-8080"]을(를) 소멸시킵니다.
13-Feb-2026 17:48:28.822 정보 [main] org.apache.catalina.startup.VersionLoggerListener.log 서버 버전 이름:    Apache Tomcat/10.1.50
13-Feb-2026 17:48:28.827 정보 [main] org.apache.catalina.startup.VersionLoggerListener.log Server 빌드 시각:  Dec 2 2025 22:57:41 UTC
13-Feb-2026 17:48:28.828 정보 [main] org.apache.catalina.startup.VersionLoggerListener.log Server 버전 번호:  10.1.50.0
13-Feb-2026 17:48:28.828 정보 [main] org.apache.catalina.startup.VersionLoggerListener.log 운영체제 이름:     Linux
13-Feb-2026 17:48:28.828 정보 [main] org.apache.catalina.startup.VersionLoggerListener.log 운영체제 버전:     6.17.0-14-generic
13-Feb-2026 17:48:28.828 정보 [main] org.apache.catalina.startup.VersionLoggerListener.log 아키텍처:          amd64
13-Feb-2026 17:48:28.828 정보 [main] org.apache.catalina.startup.VersionLoggerListener.log 자바 홈:           /usr/lib/jvm/java-17-openjdk-amd64
13-Feb-2026 17:48:28.829 정보 [main] org.apache.catalina.startup.VersionLoggerListener.log JVM 버전:          17.0.18+8-Ubuntu-124.04.1
13-Feb-2026 17:48:28.829 정보 [main] org.apache.catalina.startup.VersionLoggerListener.log JVM 벤더:          Ubuntu
13-Feb-2026 17:48:28.829 정보 [main] org.apache.catalina.startup.VersionLoggerListener.log CATALINA_BASE:     /home/warmice8226/Desktop/IntelliJProject/ParkingLot/apache-tomcat-10.1.50
13-Feb-2026 17:48:28.829 정보 [main] org.apache.catalina.startup.VersionLoggerListener.log CATALINA_HOME:     /home/warmice8226/Desktop/IntelliJProject/ParkingLot/apache-tomcat-10.1.50
13-Feb-2026 17:48:28.838 정보 [main] org.apache.catalina.startup.VersionLoggerListener.log 명령 행 아규먼트:  -Djava.util.logging.config.file=/home/warmice8226/Desktop/IntelliJProject/ParkingLot/apache-tomcat-10.1.50/conf/logging.properties
13-Feb-2026 17:48:28.838 정보 [main] org.apache.catalina.startup.VersionLoggerListener.log 명령 행 아규먼트:  -Djava.util.logging.manager=org.apache.juli.ClassLoaderLogManager
13-Feb-2026 17:48:28.839 정보 [main] org.apache.catalina.startup.VersionLoggerListener.log 명령 행 아규먼트:  -Djdk.tls.ephemeralDHKeySize=2048
13-Feb-2026 17:48:28.839 정보 [main] org.apache.catalina.startup.VersionLoggerListener.log 명령 행 아규먼트:  -Djava.protocol.handler.pkgs=org.apache.catalina.webresources
13-Feb-2026 17:48:28.839 정보 [main] org.apache.catalina.startup.VersionLoggerListener.log 명령 행 아규먼트:  -Dsun.io.useCanonCaches=false
13-Feb-2026 17:48:28.839 정보 [main] org.apache.catalina.startup.VersionLoggerListener.log 명령 행 아규먼트:  -Dorg.apache.catalina.security.SecurityListener.UMASK=0027
13-Feb-2026 17:48:28.839 정보 [main] org.apache.catalina.startup.VersionLoggerListener.log 명령 행 아규먼트:  --add-opens=java.base/java.lang=ALL-UNNAMED
13-Feb-2026 17:48:28.839 정보 [main] org.apache.catalina.startup.VersionLoggerListener.log 명령 행 아규먼트:  --add-opens=java.base/java.lang.reflect=ALL-UNNAMED
13-Feb-2026 17:48:28.840 정보 [main] org.apache.catalina.startup.VersionLoggerListener.log 명령 행 아규먼트:  --add-opens=java.base/java.io=ALL-UNNAMED
13-Feb-2026 17:48:28.840 정보 [main] org.apache.catalina.startup.VersionLoggerListener.log 명령 행 아규먼트:  --add-opens=java.base/java.util=ALL-UNNAMED
13-Feb-2026 17:48:28.840 정보 [main] org.apache.catalina.startup.VersionLoggerListener.log 명령 행 아규먼트:  --add-opens=java.base/java.util.concurrent=ALL-UNNAMED
13-Feb-2026 17:48:28.840 정보 [main] org.apache.catalina.startup.VersionLoggerListener.log 명령 행 아규먼트:  --add-opens=java.rmi/sun.rmi.transport=ALL-UNNAMED
13-Feb-2026 17:48:28.840 정보 [main] org.apache.catalina.startup.VersionLoggerListener.log 명령 행 아규먼트:  -Dcatalina.base=/home/warmice8226/Desktop/IntelliJProject/ParkingLot/apache-tomcat-10.1.50
13-Feb-2026 17:48:28.841 정보 [main] org.apache.catalina.startup.VersionLoggerListener.log 명령 행 아규먼트:  -Dcatalina.home=/home/warmice8226/Desktop/IntelliJProject/ParkingLot/apache-tomcat-10.1.50
13-Feb-2026 17:48:28.841 정보 [main] org.apache.catalina.startup.VersionLoggerListener.log 명령 행 아규먼트:  -Djava.io.tmpdir=/home/warmice8226/Desktop/IntelliJProject/ParkingLot/apache-tomcat-10.1.50/temp
13-Feb-2026 17:48:28.842 정보 [main] org.apache.catalina.core.AprLifecycleListener.lifecycleEvent 프로덕션 환경들에서 최적의 성능을 제공하는, APR 기반 Apache Tomcat Native 라이브러리가, 다음 java.library.path에서 발견되지 않습니다: [/usr/java/packages/lib:/usr/lib/x86_64-linux-gnu/jni:/lib/x86_64-linux-gnu:/usr/lib/x86_64-linux-gnu:/usr/lib/jni:/lib:/usr/lib]
13-Feb-2026 17:48:29.112 정보 [main] org.apache.coyote.AbstractProtocol.init 프로토콜 핸들러 ["http-nio-8080"]을(를) 초기화합니다.
13-Feb-2026 17:48:29.125 심각 [main] org.apache.catalina.util.LifecycleBase.handleSubClassException 구성요소 [Connector["http-nio-8080"]]을(를) 초기화하지 못했습니다.
	org.apache.catalina.LifecycleException: 프로토콜 핸들러 초기화가 실패했습니다.
		at org.apache.catalina.connector.Connector.initInternal(Connector.java:1084)
		at org.apache.catalina.util.LifecycleBase.init(LifecycleBase.java:122)
		at org.apache.catalina.core.StandardService.initInternal(StandardService.java:520)
		at org.apache.catalina.util.LifecycleBase.init(LifecycleBase.java:122)
		at org.apache.catalina.core.StandardServer.initInternal(StandardServer.java:955)
		at org.apache.catalina.util.LifecycleBase.init(LifecycleBase.java:122)
		at org.apache.catalina.startup.Catalina.load(Catalina.java:709)
		at org.apache.catalina.startup.Catalina.load(Catalina.java:732)
		at java.base/jdk.internal.reflect.NativeMethodAccessorImpl.invoke0(Native Method)
		at java.base/jdk.internal.reflect.NativeMethodAccessorImpl.invoke(NativeMethodAccessorImpl.java:77)
		at java.base/jdk.internal.reflect.DelegatingMethodAccessorImpl.invoke(DelegatingMethodAccessorImpl.java:43)
		at java.base/java.lang.reflect.Method.invoke(Method.java:569)
		at org.apache.catalina.startup.Bootstrap.load(Bootstrap.java:299)
		at org.apache.catalina.startup.Bootstrap.main(Bootstrap.java:472)
	Caused by: java.net.BindException: 주소가 이미 사용 중입니다
		at java.base/sun.nio.ch.Net.bind0(Native Method)
		at java.base/sun.nio.ch.Net.bind(Net.java:567)
		at java.base/sun.nio.ch.ServerSocketChannelImpl.netBind(ServerSocketChannelImpl.java:337)
		at java.base/sun.nio.ch.ServerSocketChannelImpl.bind(ServerSocketChannelImpl.java:294)
		at org.apache.tomcat.util.net.NioEndpoint.initServerSocket(NioEndpoint.java:264)
		at org.apache.tomcat.util.net.NioEndpoint.bind(NioEndpoint.java:219)
		at org.apache.tomcat.util.net.AbstractEndpoint.bindWithCleanup(AbstractEndpoint.java:1431)
		at org.apache.tomcat.util.net.AbstractEndpoint.init(AbstractEndpoint.java:1444)
		at org.apache.coyote.AbstractProtocol.init(AbstractProtocol.java:633)
		at org.apache.coyote.http11.AbstractHttp11Protocol.init(AbstractHttp11Protocol.java:82)
		at org.apache.catalina.connector.Connector.initInternal(Connector.java:1082)
		... 13 more
13-Feb-2026 17:48:29.126 정보 [main] org.apache.catalina.startup.Catalina.load [474] 밀리초 내에 서버가 초기화되었습니다.
13-Feb-2026 17:48:29.166 정보 [main] org.apache.catalina.core.StandardService.startInternal 서비스 [Catalina]을(를) 시작합니다.
13-Feb-2026 17:48:29.166 정보 [main] org.apache.catalina.core.StandardEngine.startInternal 서버 엔진을 시작합니다: [Apache Tomcat/10.1.50]
13-Feb-2026 17:48:29.190 정보 [main] org.apache.catalina.startup.HostConfig.deployWAR 웹 애플리케이션 아카이브 [/home/warmice8226/Desktop/IntelliJProject/ParkingLot/apache-tomcat-10.1.50/webapps/ParkingLot-1.0-SNAPSHOT.war]을(를) 배치합니다.
13-Feb-2026 17:48:31.000 정보 [main] org.apache.jasper.servlet.TldScanner.scanJars 적어도 하나의 JAR가 TLD들을 찾기 위해 스캔되었으나 아무 것도 찾지 못했습니다. 스캔했으나 TLD가 없는 JAR들의 전체 목록을 보시려면, 로그 레벨을 디버그 레벨로 설정하십시오. 스캔 과정에서 불필요한 JAR들을 건너뛰면, 시스템 시작 시간과 JSP 컴파일 시간을 단축시킬 수 있습니다.
13-Feb-2026 17:48:31.070 정보 [main] org.apache.catalina.startup.HostConfig.deployWAR 웹 애플리케이션 아카이브 [/home/warmice8226/Desktop/IntelliJProject/ParkingLot/apache-tomcat-10.1.50/webapps/ParkingLot-1.0-SNAPSHOT.war]의 배치가 [1,879] 밀리초에 완료되었습니다.
13-Feb-2026 17:48:31.070 정보 [main] org.apache.catalina.startup.HostConfig.deployDirectory 웹 애플리케이션 디렉토리 [/home/warmice8226/Desktop/IntelliJProject/ParkingLot/apache-tomcat-10.1.50/webapps/examples]을(를) 배치합니다.
13-Feb-2026 17:48:31.224 정보 [main] org.apache.catalina.startup.HostConfig.deployDirectory 웹 애플리케이션 디렉토리 [/home/warmice8226/Desktop/IntelliJProject/ParkingLot/apache-tomcat-10.1.50/webapps/examples]에 대한 배치가 [154] 밀리초에 완료되었습니다.
13-Feb-2026 17:48:31.224 정보 [main] org.apache.catalina.startup.HostConfig.deployDirectory 웹 애플리케이션 디렉토리 [/home/warmice8226/Desktop/IntelliJProject/ParkingLot/apache-tomcat-10.1.50/webapps/host-manager]을(를) 배치합니다.
13-Feb-2026 17:48:31.249 정보 [main] org.apache.catalina.startup.HostConfig.deployDirectory 웹 애플리케이션 디렉토리 [/home/warmice8226/Desktop/IntelliJProject/ParkingLot/apache-tomcat-10.1.50/webapps/host-manager]에 대한 배치가 [25] 밀리초에 완료되었습니다.
13-Feb-2026 17:48:31.249 정보 [main] org.apache.catalina.startup.HostConfig.deployDirectory 웹 애플리케이션 디렉토리 [/home/warmice8226/Desktop/IntelliJProject/ParkingLot/apache-tomcat-10.1.50/webapps/docs]을(를) 배치합니다.
13-Feb-2026 17:48:31.266 정보 [main] org.apache.catalina.startup.HostConfig.deployDirectory 웹 애플리케이션 디렉토리 [/home/warmice8226/Desktop/IntelliJProject/ParkingLot/apache-tomcat-10.1.50/webapps/docs]에 대한 배치가 [16] 밀리초에 완료되었습니다.
13-Feb-2026 17:48:31.266 정보 [main] org.apache.catalina.startup.HostConfig.deployDirectory 웹 애플리케이션 디렉토리 [/home/warmice8226/Desktop/IntelliJProject/ParkingLot/apache-tomcat-10.1.50/webapps/manager]을(를) 배치합니다.
13-Feb-2026 17:48:31.287 정보 [main] org.apache.catalina.startup.HostConfig.deployDirectory 웹 애플리케이션 디렉토리 [/home/warmice8226/Desktop/IntelliJProject/ParkingLot/apache-tomcat-10.1.50/webapps/manager]에 대한 배치가 [20] 밀리초에 완료되었습니다.
13-Feb-2026 17:48:31.287 정보 [main] org.apache.catalina.startup.HostConfig.deployDirectory 웹 애플리케이션 디렉토리 [/home/warmice8226/Desktop/IntelliJProject/ParkingLot/apache-tomcat-10.1.50/webapps/Gradle___com_exmple___jsp_edu_2601_1_0_SNAPSHOT_war]을(를) 배치합니다.
13-Feb-2026 17:48:31.305 정보 [main] org.apache.catalina.startup.HostConfig.deployDirectory 웹 애플리케이션 디렉토리 [/home/warmice8226/Desktop/IntelliJProject/ParkingLot/apache-tomcat-10.1.50/webapps/Gradle___com_exmple___jsp_edu_2601_1_0_SNAPSHOT_war]에 대한 배치가 [18] 밀리초에 완료되었습니다.
13-Feb-2026 17:48:31.306 정보 [main] org.apache.catalina.startup.HostConfig.deployDirectory 웹 애플리케이션 디렉토리 [/home/warmice8226/Desktop/IntelliJProject/ParkingLot/apache-tomcat-10.1.50/webapps/ROOT]을(를) 배치합니다.
13-Feb-2026 17:48:31.321 정보 [main] org.apache.catalina.startup.HostConfig.deployDirectory 웹 애플리케이션 디렉토리 [/home/warmice8226/Desktop/IntelliJProject/ParkingLot/apache-tomcat-10.1.50/webapps/ROOT]에 대한 배치가 [15] 밀리초에 완료되었습니다.
13-Feb-2026 17:48:31.325 정보 [main] org.apache.catalina.startup.Catalina.start 서버가 [2198] 밀리초 내에 시작되었습니다.
13-Feb-2026 17:48:31.328 심각 [main] org.apache.catalina.core.StandardServer.await 주소 [localhost]와(과) 포트 [8005]에, 서버 셧다운 소켓을 생성하지 못했습니다. (base 포트 [8005], offset [0])
	java.net.BindException: 주소가 이미 사용 중입니다
		at java.base/sun.nio.ch.Net.bind0(Native Method)
		at java.base/sun.nio.ch.Net.bind(Net.java:567)
		at java.base/sun.nio.ch.Net.bind(Net.java:556)
		at java.base/sun.nio.ch.NioSocketImpl.bind(NioSocketImpl.java:648)
		at java.base/java.net.ServerSocket.bind(ServerSocket.java:388)
		at java.base/java.net.ServerSocket.<init>(ServerSocket.java:274)
		at org.apache.catalina.core.StandardServer.await(StandardServer.java:531)
		at org.apache.catalina.startup.Catalina.await(Catalina.java:848)
		at org.apache.catalina.startup.Catalina.start(Catalina.java:796)
		at java.base/jdk.internal.reflect.NativeMethodAccessorImpl.invoke0(Native Method)
		at java.base/jdk.internal.reflect.NativeMethodAccessorImpl.invoke(NativeMethodAccessorImpl.java:77)
		at java.base/jdk.internal.reflect.DelegatingMethodAccessorImpl.invoke(DelegatingMethodAccessorImpl.java:43)
		at java.base/java.lang.reflect.Method.invoke(Method.java:569)
		at org.apache.catalina.startup.Bootstrap.start(Bootstrap.java:342)
		at org.apache.catalina.startup.Bootstrap.main(Bootstrap.java:473)
13-Feb-2026 17:48:31.329 정보 [main] org.apache.coyote.AbstractProtocol.pause 프로토콜 핸들러 ["http-nio-8080"]을(를) 일시 정지 중
13-Feb-2026 17:48:31.329 정보 [main] org.apache.catalina.core.StandardService.stopInternal 서비스 [Catalina]을(를) 중지시킵니다.
13-Feb-2026 17:48:31.353 정보 [main] org.apache.coyote.AbstractProtocol.stop 프로토콜 핸들러 ["http-nio-8080"]을(를) 중지시킵니다.
13-Feb-2026 17:48:31.355 정보 [main] org.apache.coyote.AbstractProtocol.destroy 프로토콜 핸들러 ["http-nio-8080"]을(를) 소멸시킵니다.
