13-Feb-2026 17:43:39.402 정보 [main] org.apache.catalina.core.ApplicationContext.log ContextListener: contextInitialized()
13-Feb-2026 17:43:39.403 정보 [main] org.apache.catalina.core.ApplicationContext.log SessionListener: contextInitialized()
13-Feb-2026 17:43:39.404 정보 [main] org.apache.catalina.core.ApplicationContext.log ContextListener: attributeAdded('StockTicker', 'async.Stockticker@56ace400')
13-Feb-2026 17:43:39.630 정보 [main] org.apache.catalina.core.ApplicationContext.log SessionListener: contextDestroyed()
13-Feb-2026 17:43:39.630 정보 [main] org.apache.catalina.core.ApplicationContext.log ContextListener: contextDestroyed()
13-Feb-2026 17:44:03.370 정보 [main] org.apache.catalina.core.ApplicationContext.log ContextListener: contextInitialized()
13-Feb-2026 17:44:03.371 정보 [main] org.apache.catalina.core.ApplicationContext.log SessionListener: contextInitialized()
13-Feb-2026 17:44:03.373 정보 [main] org.apache.catalina.core.ApplicationContext.log ContextListener: attributeAdded('StockTicker', 'async.Stockticker@56ace400')
13-Feb-2026 17:44:46.656 정보 [main] org.apache.catalina.core.ApplicationContext.log ContextListener: contextInitialized()
13-Feb-2026 17:44:46.656 정보 [main] org.apache.catalina.core.ApplicationContext.log SessionListener: contextInitialized()
13-Feb-2026 17:44:46.658 정보 [main] org.apache.catalina.core.ApplicationContext.log ContextListener: attributeAdded('StockTicker', 'async.Stockticker@239b0f9d')
13-Feb-2026 17:44:46.844 정보 [main] org.apache.catalina.core.ApplicationContext.log SessionListener: contextDestroyed()
13-Feb-2026 17:44:46.844 정보 [main] org.apache.catalina.core.ApplicationContext.log ContextListener: contextDestroyed()
13-Feb-2026 17:44:50.402 정보 [main] org.apache.catalina.core.ApplicationContext.log ContextListener: contextInitialized()
13-Feb-2026 17:44:50.402 정보 [main] org.apache.catalina.core.ApplicationContext.log SessionListener: contextInitialized()
13-Feb-2026 17:44:50.404 정보 [main] org.apache.catalina.core.ApplicationContext.log ContextListener: attributeAdded('StockTicker', 'async.Stockticker@1e1d3956')
13-Feb-2026 17:44:50.569 정보 [main] org.apache.catalina.core.ApplicationContext.log SessionListener: contextDestroyed()
13-Feb-2026 17:44:50.569 정보 [main] org.apache.catalina.core.ApplicationContext.log ContextListener: contextDestroyed()
13-Feb-2026 17:45:57.694 정보 [main] org.apache.catalina.core.ApplicationContext.log ContextListener: contextInitialized()
13-Feb-2026 17:45:57.694 정보 [main] org.apache.catalina.core.ApplicationContext.log SessionListener: contextInitialized()
13-Feb-2026 17:45:57.697 정보 [main] org.apache.catalina.core.ApplicationContext.log ContextListener: attributeAdded('StockTicker', 'async.Stockticker@71acf065')
13-Feb-2026 17:45:57.922 정보 [main] org.apache.catalina.core.ApplicationContext.log SessionListener: contextDestroyed()
13-Feb-2026 17:45:57.922 정보 [main] org.apache.catalina.core.ApplicationContext.log ContextListener: contextDestroyed()
13-Feb-2026 17:48:31.215 정보 [main] org.apache.catalina.core.ApplicationContext.log ContextListener: contextInitialized()
13-Feb-2026 17:48:31.215 정보 [main] org.apache.catalina.core.ApplicationContext.log SessionListener: contextInitialized()
13-Feb-2026 17:48:31.216 정보 [main] org.apache.catalina.core.ApplicationContext.log ContextListener: attributeAdded('StockTicker', 'async.Stockticker@4a23be9')
13-Feb-2026 17:48:31.338 정보 [main] org.apache.catalina.core.ApplicationContext.log SessionListener: contextDestroyed()
13-Feb-2026 17:48:31.338 정보 [main] org.apache.catalina.core.ApplicationContext.log ContextListener: contextDestroyed()
